[2025-05-28T07:42:18.822Z] 游릭 SHORT TRBUSDT @ 49.12 qty 0.611
[2025-05-28T07:47:19.485Z] 游릭 SHORT FARTCOINUSDT @ 1.3553 qty 22.135
[2025-05-28T07:47:21.159Z] 游릭 SHORT MOODENGUSDT @ 0.2469 qty 121.507
[2025-05-28T07:47:25.952Z] 游릭 SHORT WLDUSDT @ 1.3661 qty 21.96
[2025-05-28T08:30:06.651Z] 游릭 SHORT WCTUSDT @ 0.9202 qty 32.602
[2025-05-28T08:35:04.036Z] 游릭 SHORT ENAUSDT @ 0.3937 qty 76.2
[2025-05-28T08:35:05.532Z] 游댮 CLOSE WCTUSDT SHORT @ 0.8943 PNL 8.44%
[2025-05-28T08:40:03.775Z] 游댮 CLOSE ENAUSDT SHORT @ 0.3969 PNL -2.44%
[2025-05-28T08:40:05.723Z] 游릭 SHORT WCTUSDT @ 0.9013 qty 33.285
[2025-05-28T08:45:02.669Z] 游댮 CLOSE TRBUSDT SHORT @ 49.53 PNL -2.50%
[2025-05-28T08:45:04.295Z] 游댮 CLOSE MOODENGUSDT SHORT @ 0.2483 PNL -1.70%
[2025-05-28T08:50:08.036Z] 游댮 CLOSE WCTUSDT SHORT @ 0.8809 PNL 6.79%
[2025-05-28T08:55:06.598Z] 游릭 SHORT WCTUSDT @ 0.8858 qty 33.868
[2025-05-28T09:00:06.217Z] 游댮 CLOSE FARTCOINUSDT SHORT @ 1.3634 PNL -1.79%
[2025-05-28T09:05:02.803Z] 游릭 LONG TRBUSDT @ 50.53 qty 0.594
[2025-05-28T09:10:04.998Z] 游릭 SHORT MOODENGUSDT @ 0.24571 qty 122.095
[2025-05-28T09:10:07.256Z] 游댮 CLOSE WCTUSDT SHORT @ 0.8921 PNL -2.13%
[2025-05-28T09:15:05.751Z] 游릭 SHORT WCTUSDT @ 0.8913 qty 33.659
[2025-05-28T09:25:03.294Z] 游댮 CLOSE TRBUSDT LONG @ 50.21 PNL -1.90%
[2025-05-28T09:25:06.937Z] 游댮 CLOSE MOODENGUSDT SHORT @ 0.24346 PNL 2.75%
[2025-05-28T09:25:09.822Z] 游릭 SHORT TRUMPUSDT @ 12.67 qty 2.368
[2025-05-28T09:25:10.629Z] 游댮 CLOSE WCTUSDT SHORT @ 0.8996 PNL -2.79%
[2025-05-28T09:25:11.519Z] 游댮 CLOSE WLDUSDT SHORT @ 1.353 PNL 2.88%
[2025-05-28T09:30:04.602Z] 游릭 LONG TRBUSDT @ 50.12 qty 0.599
[2025-05-28T09:30:08.070Z] 游릭 SHORT MOODENGUSDT @ 0.24244 qty 123.742
[2025-05-28T09:30:09.997Z] 游릭 SHORT WCTUSDT @ 0.8998 qty 33.341
[2025-05-28T09:30:11.516Z] 游릭 SHORT WLDUSDT @ 1.3524 qty 22.183
[2025-05-28T09:40:06.170Z] 游릭 SHORT ENAUSDT @ 0.3928 qty 76.375
[2025-05-28T09:45:03.085Z] 游댮 CLOSE TRBUSDT LONG @ 49.82 PNL -1.80%
[2025-05-28T09:45:05.510Z] 游댮 CLOSE MOODENGUSDT SHORT @ 0.24368 PNL -1.53%
[2025-05-28T09:50:01.719Z] 游릭 SHORT 1000PEPEUSDT @ 0.01363 qty 2201.027
[2025-05-28T09:50:07.004Z] 游릭 SHORT VIRTUALUSDT @ 2.4198 qty 12.398
[2025-05-28T09:50:07.862Z] 游릭 SHORT MOODENGUSDT @ 0.2439 qty 123.001
[2025-05-28T09:50:09.115Z] 游댮 CLOSE WCTUSDT SHORT @ 0.8883 PNL 3.83%
[2025-05-28T09:59:40.018Z] 游릭 SHORT SOLUSDT @ 173.32 qty 0.173
[2025-05-28T09:59:44.082Z] 游릭 SHORT WCTUSDT @ 0.8879 qty 33.788
[2025-05-28T10:04:39.416Z] 游릭 SHORT ETHUSDT @ 2615.47 qty 0.011
[2025-05-28T10:04:41.090Z] 游릭 SHORT DOGEUSDT @ 0.22109 qty 135.691
[2025-05-28T10:04:42.669Z] 游릭 SHORT WIFUSDT @ 1.0755 qty 27.894
[2025-05-28T10:18:52.414Z] 游릭 SHORT XRPUSDT @ 2.2922
[2025-05-28T10:18:54.409Z] 游댮 CLOSE WIFUSDT SHORT @ 1.0813 PNL -1.62%
[2025-05-28T10:18:56.804Z] 游릭 SHORT AAVEUSDT @ 267.57
[2025-05-28T10:23:52.289Z] 游릭 SHORT BTCUSDT @ 108458.2
[2025-05-28T10:23:53.480Z] 游릭 SHORT SUIUSDT @ 3.6809
[2025-05-28T10:29:17.468Z] 游댮 CLOSE ETHUSDT SHORT @ 2630.74 PNL -1.75%
[2025-05-28T10:29:18.524Z] 游릭 SHORT SUIUSDT @ 3.6881
[2025-05-28T10:55:00.491Z] 游댮 CLOSE 1000PEPEUSDT SHORT @ 0.013719 PNL -1.96%
[2025-05-28T10:55:01.669Z] 游댮 CLOSE DOGEUSDT SHORT @ 0.22267 PNL -2.14%
[2025-05-28T10:55:04.239Z] 游댮 CLOSE MOODENGUSDT SHORT @ 0.2459 PNL -2.46%
[2025-05-28T10:55:05.271Z] 游댮 CLOSE WCTUSDT SHORT @ 0.905 PNL -5.78%
[2025-05-28T10:55:07.118Z] 游릭 LONG AVAXUSDT @ 23.465
[2025-05-28T10:56:44.129Z] 游릭 LONG MOODENGUSDT @ 0.24616
[2025-05-28T10:56:45.086Z] 游댮 CLOSE ENAUSDT SHORT @ 0.395 PNL -1.68%
[2025-05-28T10:56:47.231Z] 游릭 LONG AVAXUSDT @ 23.473
[2025-05-28T11:28:36.325Z] 游릭 LONG TRBUSDT @ 51.41
[2025-05-28T11:28:38.399Z] 游댮 CLOSE VIRTUALUSDT SHORT @ 2.3895 PNL 3.76%
[2025-05-28T11:28:40.168Z] 游릭 LONG WCTUSDT @ 0.9339
[2025-05-28T12:13:34.124Z] 游릭 LONG ETHUSDT @ 2654.91
[2025-05-28T12:13:35.100Z] 游댮 CLOSE SOLUSDT SHORT @ 174.46 PNL -1.97%
[2025-05-28T12:13:35.921Z] 游릭 LONG 1000PEPEUSDT @ 0.013801
[2025-05-28T12:13:36.698Z] 游댮 CLOSE XRPUSDT SHORT @ 2.306 PNL -1.81%
[2025-05-28T12:13:38.095Z] 游댮 CLOSE TRBUSDT LONG @ 49.79 PNL -9.45%
[2025-05-28T12:23:27.242Z] 游댮 CLOSE ETHUSDT LONG @ 2677.2 PNL 2.52%
[2025-05-28T12:23:29.434Z] 游릭 LONG DOGEUSDT @ 0.22412
[2025-05-28T12:23:31.251Z] 游릭 LONG WIFUSDT @ 1.1134
[2025-05-28T12:23:32.674Z] 游릭 LONG FARTCOINUSDT @ 1.3758
[2025-05-28T12:23:34.216Z] 游댮 CLOSE MOODENGUSDT LONG @ 0.2492 PNL 3.70%
[2025-05-28T12:23:35.068Z] 游릭 LONG ENAUSDT @ 0.4052
[2025-05-28T12:23:37.066Z] 游댮 CLOSE TRUMPUSDT SHORT @ 12.747 PNL -1.82%
[2025-05-28T12:32:51.743Z] 游릭 LONG ETHUSDT @ 2666
[2025-05-28T12:32:53.242Z] 游릭 LONG XRPUSDT @ 2.3106
[2025-05-28T12:32:57.214Z] 游댮 CLOSE WCTUSDT LONG @ 0.919 PNL -4.79%
[2025-05-28T12:32:57.777Z] 游댮 CLOSE WLDUSDT SHORT @ 1.3793 PNL -5.97%
[2025-05-28T12:39:02.350Z] 游댮 CLOSE 1000PEPEUSDT LONG @ 0.013978 PNL 3.85%
[2025-05-28T12:39:04.237Z] 游댮 CLOSE WIFUSDT LONG @ 1.1229 PNL 2.56%
[2025-05-28T12:39:05.697Z] 游릭 LONG MOODENGUSDT @ 0.2502
[2025-05-28T12:48:07.210Z] 游릭 LONG 1000PEPEUSDT @ 0.014017
[2025-05-28T12:48:09.591Z] 游릭 LONG WIFUSDT @ 1.1247
[2025-05-28T13:17:44.218Z] 游댮 CLOSE DOGEUSDT LONG @ 0.2227 PNL -1.90%
[2025-05-28T13:17:45.859Z] 游댮 CLOSE WIFUSDT LONG @ 1.1177 PNL -1.87%
[2025-05-28T13:17:46.476Z] 游댮 CLOSE FARTCOINUSDT LONG @ 1.3672 PNL -1.88%
[2025-05-28T13:17:47.471Z] 游댮 CLOSE MOODENGUSDT LONG @ 0.24733 PNL -3.44%
[2025-05-28T13:17:48.073Z] 游댮 CLOSE ENAUSDT LONG @ 0.4004 PNL -3.55%
[2025-05-28T13:17:51.159Z] 游댮 CLOSE AAVEUSDT SHORT @ 269.58 PNL -2.25%
[2025-05-28T13:44:38.790Z] 游댮 CLOSE XRPUSDT LONG @ 2.2953 PNL -1.99%
[2025-05-28T13:44:40.762Z] 游릭 SHORT DOGEUSDT @ 0.22188
[2025-05-28T13:50:35.499Z] 游릭 SHORT SOLUSDT @ 172.88
[2025-05-28T13:50:36.427Z] 游댮 CLOSE 1000PEPEUSDT LONG @ 0.013929 PNL -1.88%
[2025-05-28T13:50:37.866Z] 游릭 SHORT XRPUSDT @ 2.2903
[2025-05-28T13:57:28.101Z] 游릭 SHORT TRBUSDT @ 48.97
[2025-05-28T13:57:29.589Z] 游릭 SHORT HYPEUSDT @ 34.465
[2025-05-28T13:57:31.400Z] 游릭 SHORT FARTCOINUSDT @ 1.3426
[2025-05-28T13:57:34.655Z] 游릭 SHORT ENAUSDT @ 0.3944
[2025-05-28T13:57:37.219Z] 游댮 CLOSE AVAXUSDT LONG @ 23.267 PNL -2.63%
[2025-05-28T13:57:38.476Z] 游릭 SHORT WLDUSDT @ 1.3512
[2025-05-28T14:02:28.067Z] 游댮 CLOSE TRBUSDT SHORT @ 48.41 PNL 3.43%
[2025-05-28T14:02:29.344Z] 游릭 SHORT WIFUSDT @ 1.1059
[2025-05-28T14:02:31.425Z] 游댮 CLOSE ENAUSDT SHORT @ 0.3911 PNL 2.51%
[2025-05-28T14:07:26.425Z] 游댮 CLOSE ETHUSDT LONG @ 2645.17 PNL -2.34%
[2025-05-28T14:07:29.177Z] 游릭 SHORT TRBUSDT @ 48.56
[2025-05-28T14:07:30.179Z] 游댮 CLOSE FARTCOINUSDT SHORT @ 1.3251 PNL 3.91%
[2025-05-28T14:07:33.158Z] 游릭 SHORT ENAUSDT @ 0.3885
[2025-05-28T14:07:35.759Z] 游릭 SHORT TRUMPUSDT @ 12.546
[2025-05-28T14:07:37.641Z] 游릭 SHORT AVAXUSDT @ 23.152
[2025-05-28T14:12:26.544Z] 游릭 SHORT ETHUSDT @ 2640.34
[2025-05-28T14:12:28.151Z] 游릭 SHORT 1000PEPEUSDT @ 0.013779
[2025-05-28T14:12:30.138Z] 游댮 CLOSE WIFUSDT SHORT @ 1.0949 PNL 2.98%
[2025-05-28T14:12:31.308Z] 游릭 SHORT FARTCOINUSDT @ 1.3215
[2025-05-28T14:12:32.801Z] 游릭 SHORT VIRTUALUSDT @ 2.3386
[2025-05-28T14:12:34.594Z] 游릭 SHORT MOODENGUSDT @ 0.24353
[2025-05-28T14:12:36.465Z] 游릭 SHORT ADAUSDT @ 0.7486
[2025-05-28T14:17:26.253Z] 游댮 CLOSE 1000PEPEUSDT SHORT @ 0.01364 PNL 3.03%
[2025-05-28T14:17:28.208Z] 游댮 CLOSE DOGEUSDT SHORT @ 0.21964 PNL 3.03%
[2025-05-28T14:17:28.935Z] 游댮 CLOSE HYPEUSDT SHORT @ 34.162 PNL 2.64%
[2025-05-28T14:17:30.072Z] 游릭 SHORT WIFUSDT @ 1.0907
[2025-05-28T14:17:32.116Z] 游댮 CLOSE WLDUSDT SHORT @ 1.3377 PNL 3.00%
[2025-05-28T14:22:26.671Z] 游릭 SHORT 1000PEPEUSDT @ 0.013677
[2025-05-28T14:22:28.171Z] 游릭 SHORT SUIUSDT @ 3.6254
[2025-05-28T14:22:30.145Z] 游릭 SHORT DOGEUSDT @ 0.21982
[2025-05-28T14:22:32.345Z] 游릭 SHORT HYPEUSDT @ 34.183
[2025-05-28T14:22:35.630Z] 游릭 SHORT WLDUSDT @ 1.3419
[2025-05-28T14:32:31.707Z] 游댮 CLOSE SUIUSDT SHORT @ 3.6447 PNL -1.60%
[2025-05-28T14:32:32.318Z] 游댮 CLOSE TRBUSDT SHORT @ 49.06 PNL -3.09%
[2025-05-28T14:32:43.010Z] 游댮 CLOSE WIFUSDT SHORT @ 1.099 PNL -2.28%
[2025-05-28T14:32:43.729Z] 游댮 CLOSE VIRTUALUSDT SHORT @ 2.352 PNL -1.72%
[2025-05-28T14:32:44.435Z] 游댮 CLOSE MOODENGUSDT SHORT @ 0.24487 PNL -1.65%
[2025-05-28T14:37:27.305Z] 游릭 SHORT SUIUSDT @ 3.6389
[2025-05-28T14:37:29.529Z] 游릭 SHORT WIFUSDT @ 1.0971
[2025-05-28T14:37:30.944Z] 游릭 SHORT VIRTUALUSDT @ 2.3492
[2025-05-28T14:37:32.273Z] 游릭 SHORT MOODENGUSDT @ 0.24479
[2025-05-28T14:37:35.168Z] 游릭 SHORT AAVEUSDT @ 267.66
[2025-05-28T14:42:26.513Z] 游댮 CLOSE SOLUSDT SHORT @ 171.41 PNL 2.55%
[2025-05-28T14:42:28.553Z] 游댮 CLOSE FARTCOINUSDT SHORT @ 1.3064 PNL 3.43%
[2025-05-28T14:47:26.696Z] 游릭 SHORT SOLUSDT @ 171.27
[2025-05-28T14:47:30.002Z] 游릭 SHORT FARTCOINUSDT @ 1.3076
[2025-05-28T14:52:27.185Z] 游릭 SHORT TRBUSDT @ 48.86
[2025-05-28T14:57:26.485Z] 游댮 CLOSE BTCUSDT SHORT @ 107516.3 PNL 2.61%
[2025-05-28T14:57:27.504Z] 游댮 CLOSE XRPUSDT SHORT @ 2.2703 PNL 2.62%
[2025-05-28T14:57:28.473Z] 游댮 CLOSE HYPEUSDT SHORT @ 33.774 PNL 3.59%
[2025-05-28T15:02:26.479Z] 游릭 SHORT BTCUSDT @ 107500.1
[2025-05-28T15:02:28.176Z] 游릭 SHORT XRPUSDT @ 2.2692
[2025-05-28T15:02:28.990Z] 游댮 CLOSE SUIUSDT SHORT @ 3.5722 PNL 5.50%
[2025-05-28T15:02:29.671Z] 游댮 CLOSE TRBUSDT SHORT @ 48.39 PNL 2.89%
[2025-05-28T15:02:30.948Z] 游릭 SHORT HYPEUSDT @ 33.701
[2025-05-28T15:02:31.695Z] 游댮 CLOSE WIFUSDT SHORT @ 1.0808 PNL 4.46%
[2025-05-28T15:02:32.163Z] 游댮 CLOSE FARTCOINUSDT SHORT @ 1.2961 PNL 2.64%
[2025-05-28T15:02:32.839Z] 游댮 CLOSE ENAUSDT SHORT @ 0.3836 PNL 3.78%
[2025-05-28T15:02:34.219Z] 游댮 CLOSE WLDUSDT SHORT @ 1.3297 PNL 2.73%
[2025-05-28T15:07:26.811Z] 游릭 SHORT SUIUSDT @ 3.5793
[2025-05-28T15:07:28.279Z] 游릭 SHORT TRBUSDT @ 48.03
[2025-05-28T15:07:29.074Z] 游댮 CLOSE HYPEUSDT SHORT @ 33.886 PNL -1.65%
[2025-05-28T15:07:30.261Z] 游릭 SHORT WIFUSDT @ 1.0808
[2025-05-28T15:07:31.859Z] 游릭 SHORT FARTCOINUSDT @ 1.2932
[2025-05-28T15:07:32.594Z] 游댮 CLOSE VIRTUALUSDT SHORT @ 2.317 PNL 4.11%
[2025-05-28T15:07:33.869Z] 游릭 SHORT ENAUSDT @ 0.3827
[2025-05-28T15:07:36.584Z] 游릭 SHORT WLDUSDT @ 1.331
[2025-05-28T15:12:26.713Z] 游댮 CLOSE SOLUSDT SHORT @ 169.23 PNL 3.57%
[2025-05-28T15:12:27.358Z] 游댮 CLOSE 1000PEPEUSDT SHORT @ 0.013477 PNL 4.39%
[2025-05-28T15:12:29.019Z] 游릭 SHORT HYPEUSDT @ 33.589
[2025-05-28T15:12:29.723Z] 游댮 CLOSE WIFUSDT SHORT @ 1.0634 PNL 4.83%
[2025-05-28T15:12:30.270Z] 游댮 CLOSE FARTCOINUSDT SHORT @ 1.2807 PNL 2.90%
[2025-05-28T15:12:31.456Z] 游릭 SHORT VIRTUALUSDT @ 2.3025
[2025-05-28T15:12:32.401Z] 游댮 CLOSE TRUMPUSDT SHORT @ 12.195 PNL 8.39%
[2025-05-28T15:12:33.448Z] 游댮 CLOSE AVAXUSDT SHORT @ 22.898 PNL 3.29%
[2025-05-28T15:12:33.953Z] 游댮 CLOSE WLDUSDT SHORT @ 1.3123 PNL 4.21%
[2025-05-28T15:12:34.618Z] 游댮 CLOSE AAVEUSDT SHORT @ 265.32 PNL 2.62%
[2025-05-28T15:17:26.727Z] 游릭 SHORT SOLUSDT @ 169.48
[2025-05-28T15:17:28.348Z] 游릭 SHORT 1000PEPEUSDT @ 0.013511
[2025-05-28T15:17:30.392Z] 游릭 SHORT WIFUSDT @ 1.0699
[2025-05-28T15:17:31.728Z] 游릭 SHORT FARTCOINUSDT @ 1.2902
[2025-05-28T15:17:33.356Z] 游댮 CLOSE ADAUSDT SHORT @ 0.7423 PNL 2.52%
[2025-05-28T15:17:34.552Z] 游릭 SHORT TRUMPUSDT @ 12.177
[2025-05-28T15:17:36.444Z] 游릭 SHORT AVAXUSDT @ 22.927
[2025-05-28T15:17:38.252Z] 游릭 SHORT WLDUSDT @ 1.3172
[2025-05-28T15:17:39.753Z] 游릭 SHORT AAVEUSDT @ 265.78
[2025-05-28T15:22:26.852Z] 游댮 CLOSE TRBUSDT SHORT @ 47.61 PNL 2.62%
[2025-05-28T15:22:27.372Z] 游댮 CLOSE HYPEUSDT SHORT @ 33.915 PNL -2.91%
[2025-05-28T15:22:27.984Z] 游댮 CLOSE FARTCOINUSDT SHORT @ 1.2973 PNL -1.65%
[2025-05-28T15:22:28.587Z] 游댮 CLOSE VIRTUALUSDT SHORT @ 2.3184 PNL -2.07%
[2025-05-28T15:22:30.151Z] 游릭 SHORT ADAUSDT @ 0.7434
[2025-05-28T15:22:31.826Z] 游댮 CLOSE AAVEUSDT SHORT @ 267.22 PNL -1.63%
[2025-05-28T15:27:27.983Z] 游릭 SHORT TRBUSDT @ 47.57
[2025-05-28T15:27:29.464Z] 游릭 SHORT HYPEUSDT @ 33.927
[2025-05-28T15:27:30.955Z] 游릭 SHORT FARTCOINUSDT @ 1.2923
[2025-05-28T15:27:32.450Z] 游릭 SHORT VIRTUALUSDT @ 2.3227
[2025-05-28T15:37:28.941Z] 游댮 CLOSE FARTCOINUSDT SHORT @ 1.2811 PNL 2.60%
[2025-05-28T15:42:28.022Z] 游댮 CLOSE 1000PEPEUSDT SHORT @ 0.013621 PNL -2.44%
[2025-05-28T15:42:29.603Z] 游댮 CLOSE HYPEUSDT SHORT @ 34.111 PNL -1.63%
[2025-05-28T15:42:30.460Z] 游댮 CLOSE WIFUSDT SHORT @ 1.0781 PNL -2.30%
[2025-05-28T15:42:31.611Z] 游릭 SHORT FARTCOINUSDT @ 1.2905
[2025-05-28T15:42:34.530Z] 游댮 CLOSE MOODENGUSDT SHORT @ 0.24601 PNL -1.50%
[2025-05-28T15:42:38.303Z] 游댮 CLOSE WLDUSDT SHORT @ 1.3262 PNL -2.05%
[2025-05-28T15:47:28.651Z] 游릭 SHORT WIFUSDT @ 1.0768
[2025-05-28T15:47:30.776Z] 游댮 CLOSE TRUMPUSDT SHORT @ 12.264 PNL -2.14%
[2025-05-28T15:47:32.597Z] 游릭 SHORT WLDUSDT @ 1.3273
[2025-05-28T15:47:33.989Z] 游릭 SHORT AAVEUSDT @ 266.52
[2025-05-28T15:52:27.295Z] 游릭 SHORT 1000PEPEUSDT @ 0.01355
[2025-05-28T15:52:29.162Z] 游댮 CLOSE FARTCOINUSDT SHORT @ 1.275 PNL 3.60%
[2025-05-28T15:52:30.297Z] 游댮 CLOSE ENAUSDT SHORT @ 0.3791 PNL 2.82%
[2025-05-28T15:52:31.773Z] 游릭 SHORT TRUMPUSDT @ 12.222
[2025-05-28T15:57:28.713Z] 游릭 SHORT HYPEUSDT @ 33.882
[2025-05-28T15:57:30.349Z] 游릭 SHORT FARTCOINUSDT @ 1.2774
[2025-05-28T15:57:32.762Z] 游릭 SHORT ENAUSDT @ 0.3801
[2025-05-28T15:57:34.698Z] 游댮 CLOSE AAVEUSDT SHORT @ 264.03 PNL 2.80%
[2025-05-28T16:02:27.035Z] 游댮 CLOSE TRBUSDT SHORT @ 48.13 PNL -3.53%
[2025-05-28T16:02:30.509Z] 游릭 SHORT AAVEUSDT @ 264.47
[2025-05-28T16:07:29.951Z] 游릭 SHORT TRBUSDT @ 47.61
[2025-05-28T16:07:30.676Z] 游댮 CLOSE HYPEUSDT SHORT @ 34.225 PNL -3.04%
[2025-05-28T16:07:31.460Z] 游댮 CLOSE FARTCOINUSDT SHORT @ 1.2882 PNL -2.54%
[2025-05-28T16:12:29.508Z] 游릭 SHORT FARTCOINUSDT @ 1.2848
[2025-05-28T16:17:26.654Z] 游댮 CLOSE SOLUSDT SHORT @ 170.4 PNL -1.63%
[2025-05-28T16:17:27.979Z] 游댮 CLOSE 1000PEPEUSDT SHORT @ 0.013648 PNL -2.17%
[2025-05-28T16:17:31.320Z] 游댮 CLOSE WIFUSDT SHORT @ 1.0844 PNL -2.12%
[2025-05-28T16:17:31.953Z] 游댮 CLOSE FARTCOINUSDT SHORT @ 1.2966 PNL -2.76%
[2025-05-28T16:29:34.884Z] 游릭 LONG WIFUSDT @ 1.1003
[2025-05-28T16:59:36.005Z] 游댮 CLOSE TRUMPUSDT SHORT @ 12.353 PNL -3.22%
[2025-05-28T17:04:32.690Z] 游릭 LONG SOLUSDT @ 171.69
[2025-05-28T17:04:34.122Z] 游댮 CLOSE TRBUSDT SHORT @ 48.24 PNL -3.97%
[2025-05-28T17:04:36.112Z] 游릭 LONG FARTCOINUSDT @ 1.3116
[2025-05-28T17:04:37.377Z] 游댮 CLOSE ENAUSDT SHORT @ 0.3841 PNL -3.16%
[2025-05-28T17:04:38.597Z] 游릭 LONG TRUMPUSDT @ 12.454
[2025-05-28T17:04:39.898Z] 游댮 CLOSE AVAXUSDT SHORT @ 23.262 PNL -4.38%
[2025-05-28T17:19:35.766Z] 游릭 LONG ENAUSDT @ 0.3853
[2025-05-28T17:19:37.722Z] 游릭 LONG AVAXUSDT @ 23.378
[2025-05-28T17:19:38.417Z] 游댮 CLOSE WLDUSDT SHORT @ 1.342 PNL -3.32%
[2025-05-28T17:34:35.305Z] 游댮 CLOSE ENAUSDT LONG @ 0.381 PNL -3.35%
[2025-05-28T17:34:36.101Z] 游댮 CLOSE TRUMPUSDT LONG @ 12.314 PNL -3.37%
[2025-05-28T17:34:37.256Z] 游릭 LONG WCTUSDT @ 0.9379
[2025-05-28T17:39:34.882Z] 游댮 CLOSE FARTCOINUSDT LONG @ 1.2975 PNL -3.23%
[2025-05-28T17:39:37.708Z] 游댮 CLOSE AVAXUSDT LONG @ 23.144 PNL -3.00%
[2025-05-28T17:44:34.101Z] 游릭 SHORT TRBUSDT @ 46.86
[2025-05-28T17:54:33.496Z] 游댮 CLOSE TRBUSDT SHORT @ 47.37 PNL -3.27%
[2025-05-28T18:19:37.241Z] 游댮 CLOSE WCTUSDT LONG @ 0.9675 PNL 9.47%
[2025-05-28T18:24:34.710Z] 游댮 CLOSE WIFUSDT LONG @ 1.1199 PNL 5.34%
[2025-05-28T18:24:38.155Z] 游릭 LONG WCTUSDT @ 0.9598
[2025-05-28T18:29:35.757Z] 游릭 LONG WIFUSDT @ 1.1115
[2025-05-28T18:54:32.758Z] 游댮 CLOSE SOLUSDT LONG @ 169.73 PNL -3.42%
[2025-05-28T18:59:35.792Z] 游릭 SHORT FARTCOINUSDT @ 1.2775
[2025-05-28T19:09:37.482Z] 游댮 CLOSE WCTUSDT LONG @ 1.0165 PNL 17.72%
[2025-05-28T19:14:37.218Z] 游릭 LONG WCTUSDT @ 0.9966
[2025-05-28T19:19:37.569Z] 游댮 CLOSE WCTUSDT LONG @ 0.9491 PNL -14.30%
[2025-05-28T19:29:36.323Z] 游릭 SHORT MOODENGUSDT @ 0.24356
[2025-05-28T19:39:36.419Z] 游댮 CLOSE WIFUSDT LONG @ 1.096 PNL -4.18%
[2025-05-28T19:44:34.078Z] 游댮 CLOSE SUIUSDT SHORT @ 3.517 PNL 5.22%
[2025-05-28T19:44:36.709Z] 游댮 CLOSE VIRTUALUSDT SHORT @ 2.2812 PNL 5.36%
[2025-05-28T19:44:37.327Z] 游댮 CLOSE MOODENGUSDT SHORT @ 0.23781 PNL 7.08%
[2025-05-28T19:44:38.387Z] 游릭 SHORT ENAUSDT @ 0.3722
[2025-05-28T19:49:37.384Z] 游릭 SHORT MOODENGUSDT @ 0.23908
[2025-05-28T19:54:35.793Z] 游릭 SHORT HYPEUSDT @ 32.788
[2025-05-28T19:59:33.728Z] 游댮 CLOSE XRPUSDT SHORT @ 2.2299 PNL 5.20%
[2025-05-28T19:59:35.010Z] 游릭 SHORT SUIUSDT @ 3.5239
[2025-05-28T19:59:36.355Z] 游댮 CLOSE HYPEUSDT SHORT @ 33.165 PNL -3.45%
[2025-05-28T20:04:35.898Z] 游릭 SHORT HYPEUSDT @ 32.713
[2025-05-28T20:04:37.718Z] 游댮 CLOSE FARTCOINUSDT SHORT @ 1.2504 PNL 6.36%
[2025-05-28T20:04:40.326Z] 游릭 LONG WCTUSDT @ 0.9688
[2025-05-28T20:09:36.850Z] 游릭 SHORT FARTCOINUSDT @ 1.2322
[2025-05-28T20:14:34.286Z] 游릭 SHORT XRPUSDT @ 2.2381
[2025-05-28T20:14:38.781Z] 游릭 SHORT AVAXUSDT @ 22.809
[2025-05-28T20:19:35.653Z] 游댮 CLOSE FARTCOINUSDT SHORT @ 1.2452 PNL -3.17%
[2025-05-28T20:24:35.213Z] 游댮 CLOSE HYPEUSDT SHORT @ 33.302 PNL -5.40%
[2025-05-28T20:24:36.913Z] 游릭 SHORT FARTCOINUSDT @ 1.2492
[2025-05-28T20:34:35.568Z] 游릭 SHORT HYPEUSDT @ 33.108
[2025-05-28T20:39:35.495Z] 游댮 CLOSE FARTCOINUSDT SHORT @ 1.2624 PNL -3.17%
[2025-05-28T20:39:36.794Z] 游댮 CLOSE MOODENGUSDT SHORT @ 0.24634 PNL -9.11%
[2025-05-28T20:39:37.414Z] 游댮 CLOSE ENAUSDT SHORT @ 0.3774 PNL -4.19%
[2025-05-28T20:39:38.748Z] 游댮 CLOSE AVAXUSDT SHORT @ 23.059 PNL -3.29%
[2025-05-28T20:44:36.249Z] 游릭 SHORT FARTCOINUSDT @ 1.2578
[2025-05-28T20:44:39.524Z] 游댮 CLOSE WCTUSDT LONG @ 0.9494 PNL -6.01%
[2025-05-28T20:49:36.512Z] 游릭 LONG MOODENGUSDT @ 0.24507
[2025-05-28T20:49:38.867Z] 游릭 SHORT WCTUSDT @ 0.9409
[2025-05-28T20:59:34.434Z] 游댮 CLOSE SUIUSDT SHORT @ 3.5605 PNL -3.12%
[2025-05-28T21:14:36.570Z] 游댮 CLOSE MOODENGUSDT LONG @ 0.24973 PNL 5.70%
[2025-05-28T21:19:37.160Z] 游댮 CLOSE FARTCOINUSDT SHORT @ 1.2705 PNL -3.03%
[2025-05-28T21:19:39.896Z] 游릭 LONG MOODENGUSDT @ 0.25123
[2025-05-28T21:24:37.000Z] 游릭 LONG FARTCOINUSDT @ 1.2759
[2025-05-28T21:29:37.506Z] 游릭 LONG VIRTUALUSDT @ 2.3386
[2025-05-28T21:29:40.264Z] 游릭 LONG AVAXUSDT @ 23.185
[2025-05-28T21:35:31.394Z] 游릭 LONG 1000PEPEUSDT @ 0.01378
[2025-05-28T21:44:27.818Z] 游댮 CLOSE HYPEUSDT SHORT @ 33.49 PNL -3.46%
[2025-05-28T21:54:27.741Z] 游릭 LONG SOLUSDT @ 171.39
[2025-05-28T21:54:28.760Z] 游댮 CLOSE XRPUSDT SHORT @ 2.2617 PNL -3.16%
[2025-05-28T21:59:29.478Z] 游릭 LONG WLDUSDT @ 1.3456
[2025-05-28T22:14:29.503Z] 游댮 CLOSE VIRTUALUSDT LONG @ 2.3119 PNL -3.43%
[2025-05-28T23:14:26.714Z] 游댮 CLOSE ETHUSDT SHORT @ 2671.3 PNL -3.52%
[2025-05-28T23:14:30.433Z] 游댮 CLOSE WCTUSDT SHORT @ 0.9231 PNL 5.68%
[2025-05-28T23:19:30.459Z] 游릭 LONG TRUMPUSDT @ 12.428
[2025-05-28T23:24:28.468Z] 游릭 LONG TRBUSDT @ 48.02
[2025-05-28T23:24:30.089Z] 游댮 CLOSE FARTCOINUSDT LONG @ 1.2982 PNL 5.24%
[2025-05-28T23:24:32.234Z] 游댮 CLOSE WLDUSDT LONG @ 1.373 PNL 6.11%
[2025-05-28T23:29:26.884Z] 游릭 LONG ETHUSDT @ 2673.82
[2025-05-28T23:29:31.220Z] 游릭 LONG WLDUSDT @ 1.3672
[2025-05-28T23:34:26.789Z] 游릭 LONG XRPUSDT @ 2.2758
[2025-05-28T23:34:29.986Z] 游릭 LONG ENAUSDT @ 0.3866
[2025-05-28T23:39:26.696Z] 游댮 CLOSE 1000PEPEUSDT LONG @ 0.014033 PNL 5.51%
[2025-05-28T23:39:27.525Z] 游댮 CLOSE DOGEUSDT SHORT @ 0.22128 PNL -1.99%
[2025-05-28T23:39:28.502Z] 游릭 LONG HYPEUSDT @ 34.299
[2025-05-28T23:39:30.409Z] 游릭 LONG FARTCOINUSDT @ 1.3091
[2025-05-28T23:44:27.196Z] 游릭 LONG 1000PEPEUSDT @ 0.013987
[2025-05-28T23:44:29.171Z] 游릭 LONG DOGEUSDT @ 0.22103
[2025-05-28T23:59:28.510Z] 游댮 CLOSE AVAXUSDT LONG @ 23.591 PNL 5.25%
[2025-05-29T00:04:27.387Z] 游댮 CLOSE FARTCOINUSDT LONG @ 1.288 PNL -4.84%
[2025-05-29T00:04:29.195Z] 游릭 LONG AVAXUSDT @ 23.548
[2025-05-29T00:09:27.125Z] 游댮 CLOSE HYPEUSDT LONG @ 33.854 PNL -3.89%
[2025-05-29T00:09:29.437Z] 游댮 CLOSE WLDUSDT LONG @ 1.348 PNL -4.21%
[2025-05-29T01:15:38.367Z] 游댮 CLOSE 1000PEPEUSDT LONG @ 0.014417 PNL 9.22%
[2025-05-29T01:15:39.120Z] 游릭 LONG SUIUSDT @ 3.6233
[2025-05-29T01:15:40.400Z] 游릭 LONG HYPEUSDT @ 34.373
[2025-05-29T01:15:41.519Z] 游릭 LONG WIFUSDT @ 1.1438
[2025-05-29T01:15:42.653Z] 游릭 LONG FARTCOINUSDT @ 1.3075
[2025-05-29T01:15:44.110Z] 游릭 LONG VIRTUALUSDT @ 2.4357
[2025-05-29T01:15:44.841Z] 游댮 CLOSE ENAUSDT LONG @ 0.3982 PNL 9.00%
[2025-05-29T01:15:45.183Z] 游댮 CLOSE ADAUSDT SHORT @ 0.7545 PNL -4.48%
[2025-05-29T01:15:46.517Z] 游릭 LONG WLDUSDT @ 1.3744
[2025-05-29T01:15:47.064Z] 游댮 CLOSE AAVEUSDT SHORT @ 270.66 PNL -7.02%
[2025-05-29T14:27:57.389Z] 游댮 CLOSE ETHUSDT LONG @ 2641.36 PNL -3.64%
[2025-05-29T14:27:57.959Z] 游댮 CLOSE SOLUSDT LONG @ 169.69 PNL -2.98%
[2025-05-29T15:04:55.282Z] 游댮 CLOSE SUIUSDT LONG @ 3.5851 PNL -3.16%
[2025-05-29T15:04:56.180Z] 游댮 CLOSE DOGEUSDT LONG @ 0.22081 PNL -0.30%
[2025-05-29T15:04:57.358Z] 游댮 CLOSE TRBUSDT LONG @ 64.68 PNL 104.08%
[2025-05-29T15:04:58.144Z] 游댮 CLOSE HYPEUSDT LONG @ 32.581 PNL -15.64%
[2025-05-29T15:04:59.004Z] 游댮 CLOSE WIFUSDT LONG @ 1.0849 PNL -15.45%
[2025-05-29T15:05:00.170Z] 游댮 CLOSE FARTCOINUSDT LONG @ 1.2799 PNL -6.33%
[2025-05-29T15:05:01.037Z] 游댮 CLOSE VIRTUALUSDT LONG @ 2.2811 PNL -19.04%
[2025-05-29T15:05:02.144Z] 游댮 CLOSE MOODENGUSDT LONG @ 0.23615 PNL -18.01%
[2025-05-29T15:05:04.727Z] 游댮 CLOSE TRUMPUSDT LONG @ 12.101 PNL -7.89%
[2025-05-29T15:05:05.937Z] 游댮 CLOSE AVAXUSDT LONG @ 23.008 PNL -6.88%
[2025-05-29T15:05:07.075Z] 游댮 CLOSE WLDUSDT LONG @ 1.3333 PNL -8.97%
[2025-05-29T16:54:55.753Z] 游댮 CLOSE XRPUSDT LONG @ 2.2723 PNL -0.46%
[2025-05-30T22:36:56.854Z] 游댮 CLOSE BTCUSDT SHORT @ 104301.5 PNL 8.93%
[2025-06-03T20:03:08.729Z] 游릭 LONG XRPUSDT @ 2.2715
[2025-06-03T20:03:09.654Z] 游릭 LONG 1000PEPEUSDT @ 0.01271
[2025-06-03T20:03:10.469Z] 游릭 LONG WIFUSDT @ 1.0268
[2025-06-03T20:03:12.616Z] 游릭 SHORT SOPHUSDT @ 0.06097
[2025-06-03T20:03:13.859Z] 游릭 LONG FLOCKUSDT @ 0.27083
[2025-06-03T20:03:14.740Z] 游릭 LONG ENAUSDT @ 0.3412
[2025-06-03T20:03:15.614Z] 游릭 LONG TRBUSDT @ 45.55
[2025-06-03T20:03:17.519Z] 游릭 LONG AAVEUSDT @ 268.64
[2025-06-03T20:44:00.479Z] 游릭 SHORT FARTCOINUSDT @ 1.1059
[2025-06-03T20:44:03.910Z] 游릭 SHORT MOODENGUSDT @ 0.21325
[2025-06-03T20:44:05.822Z] 游릭 SHORT ADAUSDT @ 0.6848
[2025-06-03T20:49:00.443Z] 游릭 LONG XRPUSDT @ 2.2542
[2025-06-03T20:49:02.095Z] 游릭 SHORT 1000PEPEUSDT @ 0.012491
[2025-06-03T20:49:05.505Z] 游릭 LONG FLOCKUSDT @ 0.27702
[2025-06-03T20:49:07.817Z] 游릭 LONG TRBUSDT @ 45.1
[2025-06-03T20:54:00.700Z] 游릭 SHORT SOPHUSDT @ 0.06133
[2025-06-03T20:54:04.303Z] 游릭 LONG AAVEUSDT @ 266.4
