[2025-06-03T20:03:08.051Z] [XRPUSDT] analyzeSignalV9:
{
  "signal": "LONG",
  "reentry": null,
  "indicators": {
    "ema9": 2.2608403344808625,
    "ema25": 2.238366270232925,
    "rsi": 68.86,
    "adx": 39.88353231649692
  }
}

[2025-06-03T20:03:08.724Z] [XRPUSDT] orderResult:
{
  "retCode": 0,
  "retMsg": "OK",
  "result": {
    "orderId": "1ef0132e-3a7a-47dd-9271-cbecfb60c49a",
    "orderLinkId": ""
  },
  "retExtInfo": {},
  "time": 1748980988567,
  "quantity": 13
}

[2025-06-03T20:03:09.101Z] [1000PEPEUSDT] analyzeSignalV9:
{
  "signal": "LONG",
  "reentry": null,
  "indicators": {
    "ema9": 0.01269836121069161,
    "ema25": 0.01264707389018773,
    "rsi": 53.73,
    "adx": 25.755053863347683
  }
}

[2025-06-03T20:03:09.653Z] [1000PEPEUSDT] orderResult:
{
  "retCode": 0,
  "retMsg": "OK",
  "result": {
    "orderId": "1c6a4acf-49cd-454d-bb50-b1b6e8814402",
    "orderLinkId": ""
  },
  "retExtInfo": {},
  "time": 1748980989577,
  "quantity": 2300
}

[2025-06-03T20:03:09.960Z] [WIFUSDT] analyzeSignalV9:
{
  "signal": "LONG",
  "reentry": null,
  "indicators": {
    "ema9": 1.020475748207405,
    "ema25": 1.0030408686480043,
    "rsi": 59.7,
    "adx": 45.77706899188682
  }
}

[2025-06-03T20:03:10.458Z] [WIFUSDT] orderResult:
{
  "retCode": 0,
  "retMsg": "OK",
  "result": {
    "orderId": "334652ec-ac7e-4010-ab6c-2811161e3d87",
    "orderLinkId": ""
  },
  "retExtInfo": {},
  "time": 1748980990426,
  "quantity": 29
}

[2025-06-03T20:03:11.704Z] [SOPHUSDT] analyzeSignalV9:
{
  "signal": "SHORT",
  "reentry": null,
  "indicators": {
    "ema9": 0.06252928365640173,
    "ema25": 0.06480379043471471,
    "rsi": 32.05,
    "adx": 31.9389818200619
  }
}

[2025-06-03T20:03:12.614Z] [SOPHUSDT] orderResult:
{
  "retCode": 0,
  "retMsg": "OK",
  "result": {
    "orderId": "1479346a-26d3-481c-8911-83688be2853f",
    "orderLinkId": ""
  },
  "retExtInfo": {},
  "time": 1748980992487,
  "quantity": 490
}

[2025-06-03T20:03:12.980Z] [FLOCKUSDT] analyzeSignalV9:
{
  "signal": "LONG",
  "reentry": null,
  "indicators": {
    "ema9": 0.27121135279030617,
    "ema25": 0.25568368820164883,
    "rsi": 60.24,
    "adx": 53.37593536666929
  }
}

[2025-06-03T20:03:13.858Z] [FLOCKUSDT] orderResult:
{
  "retCode": 0,
  "retMsg": "OK",
  "result": {
    "orderId": "f03cd2ab-0b15-4c9f-b65e-0ee74e17888c",
    "orderLinkId": ""
  },
  "retExtInfo": {},
  "time": 1748980993768,
  "quantity": 110
}

[2025-06-03T20:03:14.168Z] [ENAUSDT] analyzeSignalV9:
{
  "signal": "LONG",
  "reentry": null,
  "indicators": {
    "ema9": 0.340916691236479,
    "ema25": 0.33930716696140223,
    "rsi": 53.57,
    "adx": 19.62100774937836
  }
}

[2025-06-03T20:03:14.739Z] [ENAUSDT] orderResult:
{
  "retCode": 0,
  "retMsg": "OK",
  "result": {
    "orderId": "b5401e4a-50e1-49c1-a487-2b4590e81c68",
    "orderLinkId": ""
  },
  "retExtInfo": {},
  "time": 1748980994640,
  "quantity": 87
}

[2025-06-03T20:03:15.093Z] [TRBUSDT] analyzeSignalV9:
{
  "signal": "LONG",
  "reentry": null,
  "indicators": {
    "ema9": 44.862798641163266,
    "ema25": 43.812282518216264,
    "rsi": 63.21,
    "adx": 36.47234596366563
  }
}

[2025-06-03T20:03:15.604Z] [TRBUSDT] orderResult:
{
  "retCode": 0,
  "retMsg": "OK",
  "result": {
    "orderId": "64cc0101-40bd-4f47-831b-4d92aa27490f",
    "orderLinkId": ""
  },
  "retExtInfo": {},
  "time": 1748980995558,
  "quantity": 0.65
}

[2025-06-03T20:03:17.033Z] [AAVEUSDT] analyzeSignalV9:
{
  "signal": "LONG",
  "reentry": null,
  "indicators": {
    "ema9": 268.3274828688969,
    "ema25": 265.34658259036024,
    "rsi": 63.83,
    "adx": 41.328784070548544
  }
}

[2025-06-03T20:03:17.509Z] [AAVEUSDT] orderResult:
{
  "retCode": 0,
  "retMsg": "OK",
  "result": {
    "orderId": "a64e0467-aac5-44d0-844f-aa3b406e1220",
    "orderLinkId": ""
  },
  "retExtInfo": {},
  "time": 1748980997481,
  "quantity": 0.11
}

[2025-06-03T20:43:59.260Z] [FARTCOINUSDT] analyzeSignalV9:
{
  "signal": "SHORT",
  "reentry": null,
  "indicators": {
    "ema9": 1.137040503354615,
    "ema25": 1.146463159764193,
    "rsi": 40.34,
    "adx": 26.21143233345017
  }
}

[2025-06-03T20:44:02.942Z] [MOODENGUSDT] analyzeSignalV9:
{
  "signal": "SHORT",
  "reentry": null,
  "indicators": {
    "ema9": 0.216277426878968,
    "ema25": 0.21763936098645065,
    "rsi": 44.2,
    "adx": 31.572244620861582
  }
}

[2025-06-03T20:44:04.918Z] [ADAUSDT] analyzeSignalV9:
{
  "signal": "SHORT",
  "reentry": null,
  "indicators": {
    "ema9": 0.6875565090623385,
    "ema25": 0.6894743878954681,
    "rsi": 43.81,
    "adx": 19.157559794967952
  }
}

[2025-06-03T20:48:59.016Z] [XRPUSDT] analyzeSignalV9:
{
  "signal": "LONG",
  "reentry": null,
  "indicators": {
    "ema9": 2.25594826758441,
    "ema25": 2.2379973992430147,
    "rsi": 58.35,
    "adx": 36.68078086080917
  }
}

[2025-06-03T20:49:00.884Z] [1000PEPEUSDT] analyzeSignalV9:
{
  "signal": "SHORT",
  "reentry": null,
  "indicators": {
    "ema9": 0.012612288968562462,
    "ema25": 0.012615215010145415,
    "rsi": 45.24,
    "adx": 24.48928181439596
  }
}

[2025-06-03T20:49:04.352Z] [FLOCKUSDT] analyzeSignalV9:
{
  "signal": "LONG",
  "reentry": null,
  "indicators": {
    "ema9": 0.2721054822294243,
    "ema25": 0.25721831888989943,
    "rsi": 62.48,
    "adx": 53.06646439776749
  }
}

[2025-06-03T20:49:06.785Z] [TRBUSDT] analyzeSignalV9:
{
  "signal": "LONG",
  "reentry": null,
  "indicators": {
    "ema9": 44.70943891282201,
    "ema25": 43.82306124030838,
    "rsi": 58.38,
    "adx": 36.38146240034804
  }
}

[2025-06-03T20:53:59.628Z] [SOPHUSDT] analyzeSignalV9:
{
  "signal": "SHORT",
  "reentry": null,
  "indicators": {
    "ema9": 0.06225422692501312,
    "ema25": 0.06452058667326761,
    "rsi": 34.66,
    "adx": 33.32927786436487
  }
}

[2025-06-03T20:54:03.532Z] [AAVEUSDT] analyzeSignalV9:
{
  "signal": "LONG",
  "reentry": null,
  "indicators": {
    "ema9": 267.56118629499804,
    "ema25": 265.25860016512337,
    "rsi": 55.26,
    "adx": 37.699254931629575
  }
}

[2025-06-04T22:28:23.621Z] [LPTUSDT] analyzeSignal:
{
  "signal": null,
  "reentry": null,
  "indicators": {
    "ema9": 8.541322823190617,
    "ema25": 8.119394212538595,
    "ema200": 8.443385,
    "rsi": 88.03,
    "adx": 43.310968617769745,
    "supertrend": true,
    "macdHist": 0.19042106509479118,
    "volumeSpike": false
  }
}

[2025-06-04T22:33:20.985Z] [LPTUSDT] analyzeSignal:
{
  "signal": null,
  "reentry": null,
  "indicators": {
    "ema9": 8.858258258552494,
    "ema25": 8.273748495168759,
    "ema200": 8.446594999999999,
    "rsi": 91.65,
    "adx": 46.39131553822669,
    "supertrend": true,
    "macdHist": 0.24605981502868043,
    "volumeSpike": false
  }
}

[2025-06-04T22:38:21.650Z] [LPTUSDT] analyzeSignal:
{
  "signal": null,
  "reentry": null,
  "indicators": {
    "ema9": 8.858258258552494,
    "ema25": 8.273748495168759,
    "ema200": 8.446594999999999,
    "rsi": 91.65,
    "adx": 46.39131553822669,
    "supertrend": true,
    "macdHist": 0.24605981502868043,
    "volumeSpike": false
  }
}

